  AssetManager.cpp
P:\U-Games C++\Game Projects\SpaceGame\SpaceGame\src\ECS\SpriteComponent.h(87,33): warning C4244: '=': conversion from 'float' to 'int', possible loss of data
  (compiling source file 'src/AssetManager.cpp')
  
P:\U-Games C++\Game Projects\SpaceGame\SpaceGame\src\ECS\SpriteComponent.h(88,34): warning C4244: '=': conversion from 'float' to 'int', possible loss of data
  (compiling source file 'src/AssetManager.cpp')
  
P:\U-Games C++\Game Projects\SpaceGame\SpaceGame\src\ECS\ColliderComponent.h(51,33): warning C4244: '=': conversion from 'float' to 'int', possible loss of data
  (compiling source file 'src/AssetManager.cpp')
  
P:\U-Games C++\Game Projects\SpaceGame\SpaceGame\src\ECS\ColliderComponent.h(52,34): warning C4244: '=': conversion from 'float' to 'int', possible loss of data
  (compiling source file 'src/AssetManager.cpp')
  
  Collision.cpp
P:\U-Games C++\Game Projects\SpaceGame\SpaceGame\src\ECS\SpriteComponent.h(87,33): warning C4244: '=': conversion from 'float' to 'int', possible loss of data
  (compiling source file 'src/Collision.cpp')
  
P:\U-Games C++\Game Projects\SpaceGame\SpaceGame\src\ECS\SpriteComponent.h(88,34): warning C4244: '=': conversion from 'float' to 'int', possible loss of data
  (compiling source file 'src/Collision.cpp')
  
P:\U-Games C++\Game Projects\SpaceGame\SpaceGame\src\ECS\ColliderComponent.h(51,33): warning C4244: '=': conversion from 'float' to 'int', possible loss of data
  (compiling source file 'src/Collision.cpp')
  
P:\U-Games C++\Game Projects\SpaceGame\SpaceGame\src\ECS\ColliderComponent.h(52,34): warning C4244: '=': conversion from 'float' to 'int', possible loss of data
  (compiling source file 'src/Collision.cpp')
  
  ECS.cpp
  Game.cpp
P:\U-Games C++\Game Projects\SpaceGame\SpaceGame\src\ECS\SpriteComponent.h(87,33): warning C4244: '=': conversion from 'float' to 'int', possible loss of data
  (compiling source file 'src/Game.cpp')
  
P:\U-Games C++\Game Projects\SpaceGame\SpaceGame\src\ECS\SpriteComponent.h(88,34): warning C4244: '=': conversion from 'float' to 'int', possible loss of data
  (compiling source file 'src/Game.cpp')
  
P:\U-Games C++\Game Projects\SpaceGame\SpaceGame\src\ECS\ColliderComponent.h(51,33): warning C4244: '=': conversion from 'float' to 'int', possible loss of data
  (compiling source file 'src/Game.cpp')
  
P:\U-Games C++\Game Projects\SpaceGame\SpaceGame\src\ECS\ColliderComponent.h(52,34): warning C4244: '=': conversion from 'float' to 'int', possible loss of data
  (compiling source file 'src/Game.cpp')
  
P:\U-Games C++\Game Projects\SpaceGame\SpaceGame\src\Game.cpp(123,59): warning C4244: '=': conversion from 'int' to 'float', possible loss of data
P:\U-Games C++\Game Projects\SpaceGame\SpaceGame\src\Game.cpp(178,53): warning C4244: '=': conversion from 'float' to 'int', possible loss of data
P:\U-Games C++\Game Projects\SpaceGame\SpaceGame\src\Game.cpp(179,26): warning C4244: '=': conversion from 'float' to 'int', possible loss of data
P:\U-Games C++\Game Projects\SpaceGame\SpaceGame\src\Game.cpp(184,31): warning C4244: '=': conversion from 'float' to 'int', possible loss of data
P:\U-Games C++\Game Projects\SpaceGame\SpaceGame\src\Game.cpp(187,31): warning C4244: '=': conversion from 'float' to 'int', possible loss of data
P:\U-Games C++\Game Projects\SpaceGame\SpaceGame\src\Game.cpp(190,32): warning C4244: '=': conversion from 'float' to 'int', possible loss of data
P:\U-Games C++\Game Projects\SpaceGame\SpaceGame\src\ECS\ECS.h(102,33): warning C4244: 'argument': conversion from '_Ty' to 'float', possible loss of data
P:\U-Games C++\Game Projects\SpaceGame\SpaceGame\src\ECS\ECS.h(102,33): warning C4244:         with
P:\U-Games C++\Game Projects\SpaceGame\SpaceGame\src\ECS\ECS.h(102,33): warning C4244:         [
P:\U-Games C++\Game Projects\SpaceGame\SpaceGame\src\ECS\ECS.h(102,33): warning C4244:             _Ty=int
P:\U-Games C++\Game Projects\SpaceGame\SpaceGame\src\ECS\ECS.h(102,33): warning C4244:         ]
  (compiling source file 'src/Game.cpp')
      P:\U-Games C++\Game Projects\SpaceGame\SpaceGame\src\ECS\ECS.h(102,33):
      the template instantiation context (the oldest one first) is
          P:\U-Games C++\Game Projects\SpaceGame\SpaceGame\src\Game.cpp(102,11):
          see reference to function template instantiation 'T &Entity::AddComponent<TransformComponent,int,int,int,int,float>(int &&,int &&,int &&,int &&,float &&)' being compiled
          with
          [
              T=TransformComponent
          ]
  
  GameObject.cpp
  main.cpp
  Map.cpp
P:\U-Games C++\Game Projects\SpaceGame\SpaceGame\src\Map.cpp(12,25): warning C4244: '=': conversion from 'float' to 'int', possible loss of data
P:\U-Games C++\Game Projects\SpaceGame\SpaceGame\src\Map.cpp(13,25): warning C4244: '=': conversion from 'float' to 'int', possible loss of data
P:\U-Games C++\Game Projects\SpaceGame\SpaceGame\src\Map.cpp(14,26): warning C4244: '=': conversion from 'int' to 'float', possible loss of data
P:\U-Games C++\Game Projects\SpaceGame\SpaceGame\src\Map.cpp(15,26): warning C4244: '=': conversion from 'int' to 'float', possible loss of data
P:\U-Games C++\Game Projects\SpaceGame\SpaceGame\src\Map.cpp(30,26): warning C4244: '=': conversion from 'float' to 'int', possible loss of data
P:\U-Games C++\Game Projects\SpaceGame\SpaceGame\src\Map.cpp(31,26): warning C4244: '=': conversion from 'float' to 'int', possible loss of data
  TextureManager.cpp
  Vector2D.cpp
  Generating Code...
  SpaceGame.vcxproj -> P:\U-Games C++\Game Projects\SpaceGame\x64\Debug\SpaceGame.exe
